四月 20, 2017 4:33:56 下午 FTPServer run
严重: 1
java.lang.ArrayIndexOutOfBoundsException: 1
	at FTPServer.populateDirList(FTPServer.java:49)
	at FTPServer.getDirList(FTPServer.java:36)
	at FTPServer.run(FTPServer.java:91)
	at FTPServer.main(FTPServer.java:177)
	at sun.reflect.NativeMethodAccessorImpl.invoke0(Native Method)
	at sun.reflect.NativeMethodAccessorImpl.invoke(NativeMethodAccessorImpl.java:62)
	at sun.reflect.DelegatingMethodAccessorImpl.invoke(DelegatingMethodAccessorImpl.java:43)
	at java.lang.reflect.Method.invoke(Method.java:483)
	at com.intellij.rt.execution.application.AppMain.main(AppMain.java:147)

四月 20, 2017 4:40:41 下午 FTPServer run
严重: 1
java.lang.ArrayIndexOutOfBoundsException: 1
	at FTPServer.populateDirList(FTPServer.java:49)
	at FTPServer.getDirList(FTPServer.java:36)
	at FTPServer.run(FTPServer.java:91)
	at FTPServer.main(FTPServer.java:177)
	at sun.reflect.NativeMethodAccessorImpl.invoke0(Native Method)
	at sun.reflect.NativeMethodAccessorImpl.invoke(NativeMethodAccessorImpl.java:62)
	at sun.reflect.DelegatingMethodAccessorImpl.invoke(DelegatingMethodAccessorImpl.java:43)
	at java.lang.reflect.Method.invoke(Method.java:483)
	at com.intellij.rt.execution.application.AppMain.main(AppMain.java:147)

四月 20, 2017 4:41:32 下午 FTPServer run
严重: 1
java.lang.ArrayIndexOutOfBoundsException: 1
	at FTPServer.populateDirList(FTPServer.java:49)
	at FTPServer.getDirList(FTPServer.java:36)
	at FTPServer.run(FTPServer.java:91)
	at FTPServer.main(FTPServer.java:177)
	at sun.reflect.NativeMethodAccessorImpl.invoke0(Native Method)
	at sun.reflect.NativeMethodAccessorImpl.invoke(NativeMethodAccessorImpl.java:62)
	at sun.reflect.DelegatingMethodAccessorImpl.invoke(DelegatingMethodAccessorImpl.java:43)
	at java.lang.reflect.Method.invoke(Method.java:483)
	at com.intellij.rt.execution.application.AppMain.main(AppMain.java:147)

四月 20, 2017 4:43:39 下午 FTPServer run
严重: 1
java.lang.ArrayIndexOutOfBoundsException: 1
	at FTPServer.populateDirList(FTPServer.java:49)
	at FTPServer.getDirList(FTPServer.java:36)
	at FTPServer.run(FTPServer.java:91)
	at FTPServer.main(FTPServer.java:177)
	at sun.reflect.NativeMethodAccessorImpl.invoke0(Native Method)
	at sun.reflect.NativeMethodAccessorImpl.invoke(NativeMethodAccessorImpl.java:62)
	at sun.reflect.DelegatingMethodAccessorImpl.invoke(DelegatingMethodAccessorImpl.java:43)
	at java.lang.reflect.Method.invoke(Method.java:483)
	at com.intellij.rt.execution.application.AppMain.main(AppMain.java:147)

四月 20, 2017 4:44:52 下午 FTPServer run
严重: 1
java.lang.ArrayIndexOutOfBoundsException: 1
	at FTPServer.populateDirList(FTPServer.java:49)
	at FTPServer.getDirList(FTPServer.java:36)
	at FTPServer.run(FTPServer.java:91)
	at FTPServer.main(FTPServer.java:177)
	at sun.reflect.NativeMethodAccessorImpl.invoke0(Native Method)
	at sun.reflect.NativeMethodAccessorImpl.invoke(NativeMethodAccessorImpl.java:62)
	at sun.reflect.DelegatingMethodAccessorImpl.invoke(DelegatingMethodAccessorImpl.java:43)
	at java.lang.reflect.Method.invoke(Method.java:483)
	at com.intellij.rt.execution.application.AppMain.main(AppMain.java:147)

四月 20, 2017 4:45:11 下午 FTPServer run
严重: 1
java.lang.ArrayIndexOutOfBoundsException: 1
	at FTPServer.populateDirList(FTPServer.java:49)
	at FTPServer.getDirList(FTPServer.java:36)
	at FTPServer.run(FTPServer.java:91)
	at FTPServer.main(FTPServer.java:177)
	at sun.reflect.NativeMethodAccessorImpl.invoke0(Native Method)
	at sun.reflect.NativeMethodAccessorImpl.invoke(NativeMethodAccessorImpl.java:62)
	at sun.reflect.DelegatingMethodAccessorImpl.invoke(DelegatingMethodAccessorImpl.java:43)
	at java.lang.reflect.Method.invoke(Method.java:483)
	at com.intellij.rt.execution.application.AppMain.main(AppMain.java:147)

四月 20, 2017 4:46:58 下午 FTPServer run
严重: 1
java.lang.ArrayIndexOutOfBoundsException: 1
	at FTPServer.populateDirList(FTPServer.java:49)
	at FTPServer.getDirList(FTPServer.java:36)
	at FTPServer.run(FTPServer.java:91)
	at FTPServer.main(FTPServer.java:177)

